<?xml version="1.0" encoding="UTF-8"?>
<testng-results ignored="0" total="2" passed="2" failed="0" skipped="0">
  <reporter-output>
  </reporter-output>
  <suite started-at="2025-03-14T00:43:22 PDT" name="Master Suite" finished-at="2025-03-14T00:43:45 PDT" duration-ms="22834">
    <groups>
      <group name="Master">
        <method signature="TC001_AccountRegistrationTest.registerTest()[pri:0, instance:testCases.TC001_AccountRegistrationTest@60410cd]" name="registerTest" class="testCases.TC001_AccountRegistrationTest"/>
        <method signature="TC002_LoginTest.loginTest()[pri:0, instance:testCases.TC002_LoginTest@babafc2]" name="loginTest" class="testCases.TC002_LoginTest"/>
      </group> <!-- Master -->
      <group name="Sanity">
        <method signature="TC002_LoginTest.loginTest()[pri:0, instance:testCases.TC002_LoginTest@babafc2]" name="loginTest" class="testCases.TC002_LoginTest"/>
      </group> <!-- Sanity -->
      <group name="Regression">
        <method signature="TC001_AccountRegistrationTest.registerTest()[pri:0, instance:testCases.TC001_AccountRegistrationTest@60410cd]" name="registerTest" class="testCases.TC001_AccountRegistrationTest"/>
      </group> <!-- Regression -->
    </groups>
    <test started-at="2025-03-14T00:43:22 PDT" name="chromeTest" finished-at="2025-03-14T00:43:45 PDT" duration-ms="22834">
      <class name="testCases.TC002_LoginTest">
        <test-method is-config="true" signature="setUp(java.lang.String,java.lang.String)[pri:0, instance:testCases.TC002_LoginTest@babafc2]" started-at="2025-03-14T00:43:37 PDT" name="setUp" finished-at="2025-03-14T00:43:40 PDT" duration-ms="3748" status="PASS">
          <params>
            <param index="0">
              <value>
                <![CDATA[windows]]>
              </value>
            </param>
            <param index="1">
              <value>
                <![CDATA[chrome]]>
              </value>
            </param>
          </params>
          <reporter-output>
          </reporter-output>
        </test-method> <!-- setUp -->
        <test-method signature="loginTest()[pri:0, instance:testCases.TC002_LoginTest@babafc2]" started-at="2025-03-14T00:43:40 PDT" name="loginTest" finished-at="2025-03-14T00:43:42 PDT" duration-ms="1808" status="PASS">
          <reporter-output>
          </reporter-output>
        </test-method> <!-- loginTest -->
        <test-method is-config="true" signature="tearDown()[pri:0, instance:testCases.TC002_LoginTest@babafc2]" started-at="2025-03-14T00:43:42 PDT" name="tearDown" finished-at="2025-03-14T00:43:45 PDT" duration-ms="2414" status="PASS">
          <reporter-output>
          </reporter-output>
        </test-method> <!-- tearDown -->
      </class> <!-- testCases.TC002_LoginTest -->
      <class name="testCases.TC001_AccountRegistrationTest">
        <test-method is-config="true" signature="setUp(java.lang.String,java.lang.String)[pri:0, instance:testCases.TC001_AccountRegistrationTest@60410cd]" started-at="2025-03-14T00:43:22 PDT" name="setUp" finished-at="2025-03-14T00:43:28 PDT" duration-ms="6076" status="PASS">
          <params>
            <param index="0">
              <value>
                <![CDATA[windows]]>
              </value>
            </param>
            <param index="1">
              <value>
                <![CDATA[chrome]]>
              </value>
            </param>
          </params>
          <reporter-output>
          </reporter-output>
        </test-method> <!-- setUp -->
        <test-method signature="registerTest()[pri:0, instance:testCases.TC001_AccountRegistrationTest@60410cd]" started-at="2025-03-14T00:43:28 PDT" name="registerTest" finished-at="2025-03-14T00:43:32 PDT" duration-ms="4131" status="PASS">
          <reporter-output>
          </reporter-output>
        </test-method> <!-- registerTest -->
        <test-method is-config="true" signature="tearDown()[pri:0, instance:testCases.TC001_AccountRegistrationTest@60410cd]" started-at="2025-03-14T00:43:32 PDT" name="tearDown" finished-at="2025-03-14T00:43:37 PDT" duration-ms="4119" status="PASS">
          <reporter-output>
          </reporter-output>
        </test-method> <!-- tearDown -->
      </class> <!-- testCases.TC001_AccountRegistrationTest -->
    </test> <!-- chromeTest -->
  </suite> <!-- Master Suite -->
</testng-results>
